mode: set
/Users/laura/.openclaw/workspace/brixa-scaler/integration/go/server.go:25.65,33.2 2 1
/Users/laura/.openclaw/workspace/brixa-scaler/integration/go/server.go:35.66,42.2 2 1
/Users/laura/.openclaw/workspace/brixa-scaler/integration/go/server.go:44.65,51.2 2 1
/Users/laura/.openclaw/workspace/brixa-scaler/integration/go/server.go:64.26,74.2 2 1
/Users/laura/.openclaw/workspace/brixa-scaler/integration/go/server.go:76.41,79.2 2 1
/Users/laura/.openclaw/workspace/brixa-scaler/integration/go/server.go:81.44,82.38 1 1
/Users/laura/.openclaw/workspace/brixa-scaler/integration/go/server.go:82.38,84.3 1 1
/Users/laura/.openclaw/workspace/brixa-scaler/integration/go/server.go:85.2,85.12 1 1
/Users/laura/.openclaw/workspace/brixa-scaler/integration/go/server.go:114.61,115.22 1 1
/Users/laura/.openclaw/workspace/brixa-scaler/integration/go/server.go:115.22,118.3 2 1
/Users/laura/.openclaw/workspace/brixa-scaler/integration/go/server.go:120.2,126.33 5 1
/Users/laura/.openclaw/workspace/brixa-scaler/integration/go/server.go:126.33,129.24 3 1
/Users/laura/.openclaw/workspace/brixa-scaler/integration/go/server.go:129.24,131.4 1 1
/Users/laura/.openclaw/workspace/brixa-scaler/integration/go/server.go:132.3,132.27 1 1
/Users/laura/.openclaw/workspace/brixa-scaler/integration/go/server.go:132.27,133.9 1 1
/Users/laura/.openclaw/workspace/brixa-scaler/integration/go/server.go:136.3,137.27 2 1
/Users/laura/.openclaw/workspace/brixa-scaler/integration/go/server.go:137.27,141.4 3 1
/Users/laura/.openclaw/workspace/brixa-scaler/integration/go/server.go:144.2,147.24 3 1
/Users/laura/.openclaw/workspace/brixa-scaler/integration/go/server.go:147.24,149.3 1 1
/Users/laura/.openclaw/workspace/brixa-scaler/integration/go/server.go:151.3,151.41 1 1
/Users/laura/.openclaw/workspace/brixa-scaler/integration/go/server.go:151.41,151.87 1 1
/Users/laura/.openclaw/workspace/brixa-scaler/integration/go/server.go:152.2,152.33 1 1
/Users/laura/.openclaw/workspace/brixa-scaler/integration/go/server.go:155.48,156.22 1 1
/Users/laura/.openclaw/workspace/brixa-scaler/integration/go/server.go:156.22,159.3 2 0
/Users/laura/.openclaw/workspace/brixa-scaler/integration/go/server.go:161.2,161.22 1 1
/Users/laura/.openclaw/workspace/brixa-scaler/integration/go/server.go:161.22,163.39 2 1
/Users/laura/.openclaw/workspace/brixa-scaler/integration/go/server.go:163.39,165.25 2 1
/Users/laura/.openclaw/workspace/brixa-scaler/integration/go/server.go:165.25,167.5 1 1
/Users/laura/.openclaw/workspace/brixa-scaler/integration/go/server.go:168.4,170.32 3 1
/Users/laura/.openclaw/workspace/brixa-scaler/integration/go/server.go:172.3,172.16 1 1
/Users/laura/.openclaw/workspace/brixa-scaler/integration/go/server.go:174.2,174.18 1 1
/Users/laura/.openclaw/workspace/brixa-scaler/integration/go/server.go:178.69,182.25 3 1
/Users/laura/.openclaw/workspace/brixa-scaler/integration/go/server.go:182.25,186.3 3 1
/Users/laura/.openclaw/workspace/brixa-scaler/integration/go/server.go:188.2,196.42 7 1
/Users/laura/.openclaw/workspace/brixa-scaler/integration/go/server.go:213.59,217.17 4 1
/Users/laura/.openclaw/workspace/brixa-scaler/integration/go/server.go:217.17,219.3 1 1
/Users/laura/.openclaw/workspace/brixa-scaler/integration/go/server.go:220.2,238.33 6 1
/Users/laura/.openclaw/workspace/brixa-scaler/integration/go/server.go:241.58,244.39 2 1
/Users/laura/.openclaw/workspace/brixa-scaler/integration/go/server.go:244.39,249.3 1 1
/Users/laura/.openclaw/workspace/brixa-scaler/integration/go/server.go:251.2,252.61 2 1
/Users/laura/.openclaw/workspace/brixa-scaler/integration/go/server.go:252.61,255.3 2 1
/Users/laura/.openclaw/workspace/brixa-scaler/integration/go/server.go:257.2,269.4 4 1
/Users/laura/.openclaw/workspace/brixa-scaler/integration/go/server.go:272.62,274.21 2 1
/Users/laura/.openclaw/workspace/brixa-scaler/integration/go/server.go:274.21,281.3 1 1
/Users/laura/.openclaw/workspace/brixa-scaler/integration/go/server.go:283.2,291.4 4 1
/Users/laura/.openclaw/workspace/brixa-scaler/integration/go/server.go:303.58,307.2 1 1
/Users/laura/.openclaw/workspace/brixa-scaler/integration/go/server.go:309.37,313.13 4 1
/Users/laura/.openclaw/workspace/brixa-scaler/integration/go/server.go:313.13,315.3 1 1
/Users/laura/.openclaw/workspace/brixa-scaler/integration/go/server.go:316.2,316.16 1 1
/Users/laura/.openclaw/workspace/brixa-scaler/integration/go/server.go:319.45,323.2 3 1
/Users/laura/.openclaw/workspace/brixa-scaler/integration/go/server.go:325.13,327.2 1 1
/Users/laura/.openclaw/workspace/brixa-scaler/integration/go/server.go:329.54,330.71 1 1
/Users/laura/.openclaw/workspace/brixa-scaler/integration/go/server.go:330.71,331.29 1 1
/Users/laura/.openclaw/workspace/brixa-scaler/integration/go/server.go:331.29,336.4 4 1
/Users/laura/.openclaw/workspace/brixa-scaler/integration/go/server.go:337.3,337.23 1 1
/Users/laura/.openclaw/workspace/brixa-scaler/integration/go/server.go:342.35,345.72 2 1
/Users/laura/.openclaw/workspace/brixa-scaler/integration/go/server.go:345.72,346.29 1 1
/Users/laura/.openclaw/workspace/brixa-scaler/integration/go/server.go:346.29,351.4 4 1
/Users/laura/.openclaw/workspace/brixa-scaler/integration/go/server.go:352.3,352.20 1 1
/Users/laura/.openclaw/workspace/brixa-scaler/integration/go/server.go:354.2,359.24 4 1
/Users/laura/.openclaw/workspace/brixa-scaler/integration/go/server.go:359.24,360.75 1 1
/Users/laura/.openclaw/workspace/brixa-scaler/integration/go/server.go:360.75,368.4 7 0
/Users/laura/.openclaw/workspace/brixa-scaler/integration/go/server.go:371.2,371.12 1 1
/Users/laura/.openclaw/workspace/brixa-scaler/integration/go/server.go:375.29,383.18 2 1
/Users/laura/.openclaw/workspace/brixa-scaler/integration/go/server.go:383.18,387.3 3 1
/Users/laura/.openclaw/workspace/brixa-scaler/integration/go/server.go:390.13,401.12 7 0
/Users/laura/.openclaw/workspace/brixa-scaler/integration/go/server.go:401.12,409.25 6 0
/Users/laura/.openclaw/workspace/brixa-scaler/integration/go/server.go:409.25,413.4 1 0
/Users/laura/.openclaw/workspace/brixa-scaler/integration/go/server.go:414.3,414.13 1 0
/Users/laura/.openclaw/workspace/brixa-scaler/integration/go/server.go:418.2,418.24 1 0
/Users/laura/.openclaw/workspace/brixa-scaler/integration/go/server.go:418.24,419.13 1 0
/Users/laura/.openclaw/workspace/brixa-scaler/integration/go/server.go:419.13,424.4 2 0
/Users/laura/.openclaw/workspace/brixa-scaler/integration/go/server.go:427.2,436.66 7 0
/Users/laura/.openclaw/workspace/brixa-scaler/integration/go/server.go:459.39,465.2 5 1
/Users/laura/.openclaw/workspace/brixa-scaler/integration/go/server.go:467.41,470.33 3 1
/Users/laura/.openclaw/workspace/brixa-scaler/integration/go/server.go:470.33,472.3 1 1
/Users/laura/.openclaw/workspace/brixa-scaler/integration/go/server.go:475.38,480.28 4 1
/Users/laura/.openclaw/workspace/brixa-scaler/integration/go/server.go:480.28,481.27 1 1
/Users/laura/.openclaw/workspace/brixa-scaler/integration/go/server.go:481.27,482.12 1 1
/Users/laura/.openclaw/workspace/brixa-scaler/integration/go/server.go:484.3,484.48 1 1
/Users/laura/.openclaw/workspace/brixa-scaler/integration/go/server.go:484.48,486.4 1 1
/Users/laura/.openclaw/workspace/brixa-scaler/integration/go/server.go:489.2,489.19 1 1
/Users/laura/.openclaw/workspace/brixa-scaler/integration/go/server.go:489.19,491.3 1 1
/Users/laura/.openclaw/workspace/brixa-scaler/integration/go/server.go:492.2,492.11 1 1
/Users/laura/.openclaw/workspace/brixa-scaler/integration/go/server.go:495.39,500.28 4 1
/Users/laura/.openclaw/workspace/brixa-scaler/integration/go/server.go:500.28,502.3 1 1
/Users/laura/.openclaw/workspace/brixa-scaler/integration/go/server.go:503.2,503.15 1 1
/Users/laura/.openclaw/workspace/brixa-scaler/integration/go/server.go:506.49,519.2 2 1
/Users/laura/.openclaw/workspace/brixa-scaler/integration/go/server.go:522.66,535.2 6 1
/Users/laura/.openclaw/workspace/brixa-scaler/integration/go/server.go:542.49,557.2 8 1
/Users/laura/.openclaw/workspace/brixa-scaler/integration/go/server.go:560.46,564.25 2 1
/Users/laura/.openclaw/workspace/brixa-scaler/integration/go/server.go:564.25,570.3 5 1
/Users/laura/.openclaw/workspace/brixa-scaler/integration/go/server.go:572.2,572.15 1 1
/Users/laura/.openclaw/workspace/brixa-scaler/integration/go/server.go:576.57,577.19 1 1
/Users/laura/.openclaw/workspace/brixa-scaler/integration/go/server.go:577.19,579.3 1 1
/Users/laura/.openclaw/workspace/brixa-scaler/integration/go/server.go:580.2,580.48 1 1
/Users/laura/.openclaw/workspace/brixa-scaler/integration/go/server.go:593.64,605.2 4 1
/Users/laura/.openclaw/workspace/brixa-scaler/integration/go/server.go:607.42,609.25 2 1
/Users/laura/.openclaw/workspace/brixa-scaler/integration/go/server.go:609.25,611.20 2 1
/Users/laura/.openclaw/workspace/brixa-scaler/integration/go/server.go:611.20,613.4 1 1
/Users/laura/.openclaw/workspace/brixa-scaler/integration/go/server.go:615.2,615.13 1 1
/Users/laura/.openclaw/workspace/brixa-scaler/integration/go/server.go:628.52,632.2 3 1
/Users/laura/.openclaw/workspace/brixa-scaler/integration/go/server.go:635.59,637.2 1 1
/Users/laura/.openclaw/workspace/brixa-scaler/integration/go/server.go:640.55,643.2 2 1
/Users/laura/.openclaw/workspace/brixa-scaler/integration/go/server.go:645.29,646.16 1 1
/Users/laura/.openclaw/workspace/brixa-scaler/integration/go/server.go:646.16,648.3 1 1
/Users/laura/.openclaw/workspace/brixa-scaler/integration/go/server.go:649.2,649.21 1 1
